{"D:\\CarDealership\\frontend\\pages\\index.tsx": {"path":"D:\\CarDealership\\frontend\\pages\\index.tsx","statementMap":{"0":{"start":{"line":5,"column":24},"end":{"line":5,"column":null}},"1":{"start":{"line":1,"column":36},"end":{"line":1,"column":null}},"2":{"start":{"line":3,"column":19},"end":{"line":3,"column":null}},"3":{"start":{"line":6,"column":44},"end":{"line":6,"column":null}},"4":{"start":{"line":7,"column":36},"end":{"line":7,"column":null}},"5":{"start":{"line":9,"column":2},"end":{"line":26,"column":null}},"6":{"start":{"line":11,"column":6},"end":{"line":22,"column":null}},"7":{"start":{"line":12,"column":25},"end":{"line":12,"column":null}},"8":{"start":{"line":13,"column":8},"end":{"line":15,"column":null}},"9":{"start":{"line":14,"column":10},"end":{"line":14,"column":null}},"10":{"start":{"line":16,"column":21},"end":{"line":16,"column":null}},"11":{"start":{"line":17,"column":8},"end":{"line":17,"column":null}},"12":{"start":{"line":19,"column":8},"end":{"line":19,"column":null}},"13":{"start":{"line":21,"column":8},"end":{"line":21,"column":null}},"14":{"start":{"line":25,"column":4},"end":{"line":25,"column":null}}},"fnMap":{"0":{"name":"Home","decl":{"start":{"line":5,"column":24},"end":{"line":5,"column":null}},"loc":{"start":{"line":5,"column":24},"end":{"line":44,"column":null}}},"1":{"name":"(anonymous_2)","decl":{"start":{"line":9,"column":12},"end":{"line":9,"column":null}},"loc":{"start":{"line":9,"column":12},"end":{"line":26,"column":5}}},"2":{"name":"checkHealth","decl":{"start":{"line":10,"column":19},"end":{"line":10,"column":null}},"loc":{"start":{"line":10,"column":19},"end":{"line":23,"column":null}}}},"branchMap":{"0":{"loc":{"start":{"line":3,"column":19},"end":{"line":3,"column":null}},"type":"binary-expr","locations":[{"start":{"line":3,"column":19},"end":{"line":3,"column":55}},{"start":{"line":3,"column":59},"end":{"line":3,"column":null}}]},"1":{"loc":{"start":{"line":13,"column":8},"end":{"line":15,"column":null}},"type":"if","locations":[{"start":{"line":13,"column":8},"end":{"line":15,"column":null}}]},"2":{"loc":{"start":{"line":37,"column":12},"end":{"line":37,"column":null}},"type":"cond-expr","locations":[{"start":{"line":37,"column":24},"end":{"line":37,"column":40}},{"start":{"line":37,"column":40},"end":{"line":37,"column":null}}]}},"s":{"0":3,"1":1,"2":1,"3":6,"4":6,"5":6,"6":3,"7":3,"8":2,"9":1,"10":1,"11":1,"12":2,"13":3,"14":3},"f":{"0":6,"1":3,"2":3},"b":{"0":[1,1],"1":[1],"2":[3,3]}}
}
